  Main.cpp
d:\visual studio 2013\projects\pvzhack\pvzhack\Tools.h(184): warning C4805: '==' : unsafe mix of type 'bool' and type 'int' in operation
Main.cpp(5): fatal error C1083: Cannot open include file: 'D3DX10.h': No such file or directory

Project Performance Summary:
      714 ms  D:\Visual Studio 2013\Projects\PVZHack\PVZHack\PVZHack.vcxproj   1 calls
                714 ms  Build                                      1 calls

Target Performance Summary:
        0 ms  _BuildGenerateSourcesAction                1 calls
        0 ms  BuildGenerateSourcesTraverse               1 calls
        0 ms  AssignProjectConfiguration                 1 calls
        0 ms  _PrepareForBuild                           1 calls
        0 ms  ComputeMIDLGeneratedCompileInputs          1 calls
        0 ms  SelectClCompile                            1 calls
        0 ms  WarnCompileDuplicatedFilename              1 calls
        0 ms  ResolveProjectReferences                   1 calls
        0 ms  MakeDirsForMidl                            1 calls
        0 ms  ResolveAssemblyReferences                  1 calls
        0 ms  ComputeReferenceCLInput                    1 calls
        0 ms  _Midl                                      1 calls
        0 ms  AfterResolveReferences                     1 calls
        0 ms  PlatformPrepareForBuild                    1 calls
        0 ms  AfterBuildGenerateSources                  1 calls
        0 ms  BuildCompileTraverse                       1 calls
        0 ms  ResolveSDKReferences                       1 calls
        0 ms  BuildGenerateSources                       1 calls
        0 ms  ResolveReferences                          1 calls
        0 ms  GetInstalledSDKLocations                   1 calls
        0 ms  BeforeResolveReferences                    1 calls
        0 ms  BeforeClCompile                            1 calls
        0 ms  PreBuildEvent                              1 calls
        0 ms  ComputeCLInputPDBName                      1 calls
        0 ms  ExpandSDKReferences                        1 calls
        0 ms  SetBuildDefaultEnvironmentVariables        1 calls
        0 ms  GetReferenceAssemblyPaths                  1 calls
        0 ms  AfterBuildGenerateSourcesEvent             1 calls
        0 ms  BeforeBuildGenerateSources                 1 calls
        0 ms  _SplitProjectReferencesByFileExistence     1 calls
        0 ms  AfterMidl                                  1 calls
        0 ms  SelectCustomBuild                          1 calls
        0 ms  _Xsd                                       1 calls
        1 ms  GetFrameworkPaths                          1 calls
        1 ms  InitializeBuildStatus                      1 calls
        1 ms  MakeDirsForCl                              1 calls
        1 ms  GetResolvedWinMD                           1 calls
        1 ms  _PrepareForReferenceResolution             1 calls
        2 ms  SetCABuildNativeEnvironmentVariables       1 calls
        2 ms  PrepareForBuild                            1 calls
        2 ms  _CheckForInvalidConfigurationAndPlatform   1 calls
        4 ms  _SelectedFiles                             1 calls
      697 ms  ClCompile                                  1 calls
